── Attaching packages ─────────────────────────────────────── tidyverse 1.2.1 ──
✔ ggplot2 2.2.1     ✔ purrr   0.2.4
✔ tibble  1.3.4     ✔ dplyr   0.7.4
✔ tidyr   0.7.2     ✔ stringr 1.2.0
✔ readr   1.1.1     ✔ forcats 0.2.0
── Conflicts ────────────────────────────────────────── tidyverse_conflicts() ──
✖ dplyr::filter() masks stats::filter()
✖ dplyr::lag()    masks stats::lag()
Loading required package: methods
Linking to GEOS 3.6.1, GDAL 2.1.3, proj.4 4.9.3
Loading required package: sp
Warning messages:
1: package ‘tidyverse’ was built under R version 3.4.2 
2: package ‘tibble’ was built under R version 3.4.1 
3: package ‘tidyr’ was built under R version 3.4.2 
4: package ‘purrr’ was built under R version 3.4.2 
5: package ‘dplyr’ was built under R version 3.4.2 
6: package ‘sf’ was built under R version 3.4.2 
7: package ‘sp’ was built under R version 3.4.1 
[1] "Getting r = 0, s = 0"
[1] "Time: 14.0472576975822"
[1] "Result: 0.1966"
Finished running for k =  10 ...
[1] "Getting r = 0, s = 0"
[1] "Time: 14.7330167849859"
[1] "Result: 0.2089"
Finished running for k =  11 ...
[1] "Getting r = 0, s = 0"
[1] "Time: 13.227269299825"
[1] "Result: 0.2181"
Finished running for k =  12 ...
[1] "Getting r = 0, s = 0"
[1] "Time: 13.6661950508753"
[1] "Result: 0.2279"
Finished running for k =  13 ...
[1] "Getting r = 0, s = 0"
[1] "Time: 13.45965376695"
[1] "Result: 0.2402"
Finished running for k =  14 ...
[1] "Getting r = 0, s = 0"
[1] "Time: 11.9787405490875"
[1] "Result: 0.2511"
Finished running for k =  15 ...
[1] "Getting r = 0, s = 0"
[1] "Time: 14.5403082688649"
[1] "Result: 0.261"
Finished running for k =  16 ...
[1] "Getting r = 0, s = 0"
[1] "Time: 13.5085262179375"
[1] "Result: 0.2722"
Finished running for k =  17 ...
[1] "Getting r = 0, s = 0"
[1] "Time: 12.4860825339953"
[1] "Result: 0.2885"
Finished running for k =  18 ...
[1] "Getting r = 0, s = 0"
[1] "Time: 12.8863160649935"
[1] "Result: 0.2955"
Finished running for k =  19 ...
[1] "Getting r = 0, s = 0"
[1] "Time: 12.1602269013723"
[1] "Result: 0.3022"
Finished running for k =  20 ...
[1] "Getting r = 0, s = 0"
[1] "Time: 11.7204998334249"
[1] "Result: 0.3169"
Finished running for k =  21 ...
[1] "Getting r = 0, s = 0"
[1] "Time: 10.5029227177302"
[1] "Result: 0.3223"
Finished running for k =  22 ...
[1] "Getting r = 0, s = 0"
[1] "Time: 10.4046267668406"
[1] "Result: 0.3268"
Finished running for k =  23 ...
[1] "Getting r = 0, s = 0"
[1] "Time: 10.3972703854243"
[1] "Result: 0.3357"
Finished running for k =  24 ...
[1] "Getting r = 0, s = 0"
[1] "Time: 10.4049415985743"
[1] "Result: 0.3468"
Finished running for k =  25 ...
[1] "Getting r = 0, s = 0"
[1] "Time: 10.3992992520332"
[1] "Result: 0.354"
Finished running for k =  26 ...
[1] "Getting r = 0, s = 0"
[1] "Time: 10.3777770161629"
[1] "Result: 0.3682"
Finished running for k =  27 ...
[1] "Getting r = 0, s = 0"
[1] "Time: 10.3808606982231"
[1] "Result: 0.3757"
Finished running for k =  28 ...
[1] "Getting r = 0, s = 0"
[1] "Time: 10.3963032364845"
[1] "Result: 0.3805"
Finished running for k =  29 ...
[1] "Getting r = 0, s = 0"
[1] "Time: 10.392638083299"
[1] "Result: 0.3864"
Finished running for k =  30 ...
